<?xml version="1.0" encoding="UTF-8"?>
<testsuite xmlns:xsi="http://www.w3.org/2001/XMLSchema-instance" xsi:noNamespaceSchemaLocation="https://maven.apache.org/surefire/maven-surefire-plugin/xsd/surefire-test-report.xsd" name="ru.netology.domain.RadioTest" time="0.048" tests="8" errors="0" skipped="0" failures="0">
  <properties>
[...]
</properties>
  <testcase name="nextCurrentRadioStation" classname="ru.netology.domain.RadioTest" time="0.032"/>
  <testcase name="getCurrentRadioStation" classname="ru.netology.domain.RadioTest" time="0"/>
  <testcase name="prevCurrentRadioStation" classname="ru.netology.domain.RadioTest" time="0"/>
  <testcase name="maxVolume" classname="ru.netology.domain.RadioTest" time="0"/>
  <testcase name="moreVolume" classname="ru.netology.domain.RadioTest" time="0"/>
  <testcase name="minVolume" classname="ru.netology.domain.RadioTest" time="0"/>
  <testcase name="underVolume" classname="ru.netology.domain.RadioTest" time="0"/>
  <testcase name="getCurrentVolume" classname="ru.netology.domain.RadioTest" time="0"/>
</testsuite>